This is pdfTeXk, Version 3.141592-1.40.3 (Web2C 7.5.6) (format=pdflatex 2013.2.11)  2 SEP 2014 09:58
entering extended mode
 %&-line parsing enabled.
**main.tex
(./main.tex
LaTeX2e <2005/12/01>
Babel <v3.8h> and hyphenation patterns for english, usenglishmax, dumylang, noh
yphenation, arabic, basque, bulgarian, coptic, welsh, czech, slovak, german, ng
erman, danish, esperanto, spanish, catalan, galician, estonian, farsi, finnish,
 french, greek, monogreek, ancientgreek, croatian, hungarian, interlingua, ibyc
us, indonesian, icelandic, italian, latin, mongolian, dutch, norsk, polish, por
tuguese, pinyin, romanian, russian, slovenian, uppersorbian, serbian, swedish, 
turkish, ukenglish, ukrainian, loaded.
(./aa.cls
Document Class: aa 2010/20/02 v7.0 
LaTeX document class for Astronomy and Astrophysics journal
(/usr/share/texmf/tex/latex/base/fleqn.clo
File: fleqn.clo 1998/08/17 v1.1c Standard LaTeX option (flush left equations)
\mathindent=\dimen102
)
\logodepth=\dimen103
\headerboxheight=\dimen104
\betweenumberspace=\dimen105
\aftertext=\dimen106
\headlineindent=\dimen107
\c@inst=\count79
\c@auth=\count80
\instindent=\dimen108
\authrun=\box26
\authorrunning=\toks14
\titrun=\box27
\titlerunning=\toks15
\number@fw@rds=\count81
\c@section=\count82
\c@subsection=\count83
\c@subsubsection=\count84
\c@paragraph=\count85
\c@subparagraph=\count86
\c@theorem=\count87
\figgap=\dimen109
\c@append=\count88
\c@figure=\count89
\c@table=\count90
\abovecaptionskip=\skip41
\belowcaptionskip=\skip42
\figcapgap=\dimen110
\tabcapgap=\dimen111
\bibindent=\dimen112
)
(/usr/share/texmf/tex/latex/graphics/graphicx.sty
Package: graphicx 1999/02/16 v1.0f Enhanced LaTeX Graphics (DPC,SPQR)

(/usr/share/texmf/tex/latex/graphics/keyval.sty
Package: keyval 1999/03/16 v1.13 key=value parser (DPC)
\KV@toks@=\toks16
)
(/usr/share/texmf/tex/latex/graphics/graphics.sty
Package: graphics 2006/02/20 v1.0o Standard LaTeX Graphics (DPC,SPQR)

(/usr/share/texmf/tex/latex/graphics/trig.sty
Package: trig 1999/03/16 v1.09 sin cos tan (DPC)
)
(/usr/share/texmf/tex/latex/config/graphics.cfg
File: graphics.cfg 2007/01/18 v1.5 graphics configuration of teTeX/TeXLive
)
Package graphics Info: Driver file: pdftex.def on input line 90.

(/usr/share/texmf/tex/latex/pdftex-def/pdftex.def
File: pdftex.def 2007/01/08 v0.04d Graphics/color for pdfTeX
\Gread@gobject=\count91
))
\Gin@req@height=\dimen113
\Gin@req@width=\dimen114
)
(/usr/share/texmf/tex/latex/amsmath/amsmath.sty
Package: amsmath 2000/07/18 v2.13 AMS math features
\@mathmargin=\skip43

For additional information on amsmath, use the `?' option.
(/usr/share/texmf/tex/latex/amsmath/amstext.sty
Package: amstext 2000/06/29 v2.01

(/usr/share/texmf/tex/latex/amsmath/amsgen.sty
File: amsgen.sty 1999/11/30 v2.0
\@emptytoks=\toks17
\ex@=\dimen115
))
(/usr/share/texmf/tex/latex/amsmath/amsbsy.sty
Package: amsbsy 1999/11/29 v1.2d
\pmbraise@=\dimen116
)
(/usr/share/texmf/tex/latex/amsmath/amsopn.sty
Package: amsopn 1999/12/14 v2.01 operator names
)
\inf@bad=\count92
LaTeX Info: Redefining \frac on input line 211.
\uproot@=\count93
\leftroot@=\count94
LaTeX Info: Redefining \overline on input line 307.
\classnum@=\count95
\DOTSCASE@=\count96
LaTeX Info: Redefining \ldots on input line 379.
LaTeX Info: Redefining \dots on input line 382.
LaTeX Info: Redefining \cdots on input line 467.
\Mathstrutbox@=\box28
\strutbox@=\box29
\big@size=\dimen117
LaTeX Font Info:    Redeclaring font encoding OML on input line 567.
LaTeX Font Info:    Redeclaring font encoding OMS on input line 568.


Package amsmath Warning: Unable to redefine math accent \vec.

\macc@depth=\count97
\c@MaxMatrixCols=\count98
\dotsspace@=\muskip10
\c@parentequation=\count99
\dspbrk@lvl=\count100
\tag@help=\toks18
\row@=\count101
\column@=\count102
\maxfields@=\count103
\andhelp@=\toks19
\eqnshift@=\dimen118
\alignsep@=\dimen119
\tagshift@=\dimen120
\tagwidth@=\dimen121
\totwidth@=\dimen122
\lineht@=\dimen123
\@envbody=\toks20
\multlinegap=\skip44
\multlinetaggap=\skip45
\mathdisplay@stack=\toks21
LaTeX Info: Redefining \[ on input line 2666.
LaTeX Info: Redefining \] on input line 2667.
)

! LaTeX Error: File `deluxetable.sty' not found.

Type X to quit or <RETURN> to proceed,
or enter new name. (Default extension: sty)

Enter file name: 
(/usr/share/texmf/tex/latex/psnfss/times.sty
Package: times 2005/04/12 PSNFSS-v9.2a (SPQR) 
)
(/usr/share/texmf/tex/latex/graphics/epsfig.sty
Package: epsfig 1999/02/16 v1.7a (e)psfig emulation (SPQR)
\epsfxsize=\dimen124
\epsfysize=\dimen125
)
(/usr/share/texmf/tex/latex/natbib/natbib.sty
Package: natbib 2007/02/05 8.0 (PWD)
\bibhang=\skip46
\bibsep=\skip47
LaTeX Info: Redefining \cite on input line 602.
\c@NAT@ctr=\count104
)
(/usr/share/texmf/tex/latex/amsfonts/amssymb.sty
Package: amssymb 2002/01/22 v2.2d

(/usr/share/texmf/tex/latex/amsfonts/amsfonts.sty
Package: amsfonts 2001/10/25 v2.2f
\symAMSa=\mathgroup4
\symAMSb=\mathgroup5
LaTeX Font Info:    Overwriting math alphabet `\mathfrak' in version `bold'
(Font)                  U/euf/m/n --> U/euf/b/n on input line 132.
))
(/usr/share/texmf/tex/generic/babel/babel.sty
Package: babel 2005/11/23 v3.8h The Babel package

(/usr/share/texmf/tex/generic/babel/english.ldf
Language: english 2005/03/30 v3.3o English support from the babel system

(/usr/share/texmf/tex/generic/babel/babel.def
File: babel.def 2005/11/23 v3.8h Babel common definitions
\babel@savecnt=\count105
\U@D=\dimen126
)
\l@british = a dialect from \language\l@english 
\l@UKenglish = a dialect from \language\l@english 
\l@canadian = a dialect from \language\l@american 
\l@australian = a dialect from \language\l@british 
\l@newzealand = a dialect from \language\l@british 
)) (./main.aux

LaTeX Warning: Label `tab:mni' multiply defined.


LaTeX Warning: Label `eq:j' multiply defined.

)
\openout1 = `main.aux'.

LaTeX Font Info:    Checking defaults for OML/cmm/m/it on input line 29.
LaTeX Font Info:    ... okay on input line 29.
LaTeX Font Info:    Checking defaults for T1/cmr/m/n on input line 29.
LaTeX Font Info:    ... okay on input line 29.
LaTeX Font Info:    Checking defaults for OT1/cmr/m/n on input line 29.
LaTeX Font Info:    ... okay on input line 29.
LaTeX Font Info:    Checking defaults for OMS/cmsy/m/n on input line 29.
LaTeX Font Info:    ... okay on input line 29.
LaTeX Font Info:    Checking defaults for OMX/cmex/m/n on input line 29.
LaTeX Font Info:    ... okay on input line 29.
LaTeX Font Info:    Checking defaults for U/cmr/m/n on input line 29.
LaTeX Font Info:    ... okay on input line 29.
LaTeX Font Info:    Try loading font information for OT1+ptm on input line 29.
 (/usr/share/texmf/tex/latex/psnfss/ot1ptm.fd
File: ot1ptm.fd 2001/06/04 font definitions for OT1/ptm.
)
A&A warning: Missing \date
LaTeX Font Info:    Try loading font information for OMS+ptm on input line 70.
(/usr/share/texmf/tex/latex/psnfss/omsptm.fd
File: omsptm.fd 
)
LaTeX Font Info:    Font shape `OMS/ptm/m/n' in size <10> not available
(Font)              Font shape `OMS/cmsy/m/n' tried instead on input line 70.
LaTeX Font Info:    Try loading font information for OT1+phv on input line 70.

(/usr/share/texmf/tex/latex/psnfss/ot1phv.fd
File: ot1phv.fd 2001/06/04 scalable font definitions for OT1/phv.
)
LaTeX Font Info:    Font shape `OT1/phv/bx/n' in size <17.28> not available
(Font)              Font shape `OT1/phv/b/n' tried instead on input line 70.
LaTeX Font Info:    Try loading font information for U+msa on input line 70.

(/usr/share/texmf/tex/latex/amsfonts/umsa.fd
File: umsa.fd 2002/01/19 v2.2g AMS font definitions
)
LaTeX Font Info:    Try loading font information for U+msb on input line 70.

(/usr/share/texmf/tex/latex/amsfonts/umsb.fd
File: umsb.fd 2002/01/19 v2.2g AMS font definitions
)
LaTeX Font Info:    Font shape `OT1/ptm/bx/n' in size <10> not available
(Font)              Font shape `OT1/ptm/b/n' tried instead on input line 70.
LaTeX Font Info:    Font shape `OT1/ptm/bx/n' in size <10.95> not available
(Font)              Font shape `OT1/ptm/b/n' tried instead on input line 70.
LaTeX Font Info:    Try loading font information for OT1+pcr on input line 70.

(/usr/share/texmf/tex/latex/psnfss/ot1pcr.fd
File: ot1pcr.fd 2001/06/04 font definitions for OT1/pcr.
)
Underfull \hbox (badness 10000) in paragraph at lines 70--70
  
 []


Underfull \hbox (badness 10000) in paragraph at lines 70--70
  
 []

LaTeX Font Info:    Font shape `OT1/phv/bx/n' in size <9> not available
(Font)              Font shape `OT1/phv/b/n' tried instead on input line 70.
LaTeX Font Info:    Font shape `OT1/phv/m/it' in size <9> not available
(Font)              Font shape `OT1/phv/m/sl' tried instead on input line 70.
LaTeX Font Info:    Font shape `OT1/phv/bx/n' in size <10.95> not available
(Font)              Font shape `OT1/phv/b/n' tried instead on input line 71.

Package natbib Warning: Citation `Riess1998' on page 1 undefined on input line 
74.


Package natbib Warning: Citation `Perlmutter1999' on page 1 undefined on input 
line 74.


Package natbib Warning: Citation `Phillips1993' on page 1 undefined on input li
ne 76.


Package natbib Warning: Citation `Tripp1998' on page 1 undefined on input line 
76.


Package natbib Warning: Citation `Phillips1993' on page 1 undefined on input li
ne 85.


Package natbib Warning: Citation `Riess1996' on page 1 undefined on input line 
85.


Package natbib Warning: Citation `Guy2005' on page 1 undefined on input line 85
.


Package natbib Warning: Citation `Guy2007' on page 1 undefined on input line 85
.


Package natbib Warning: Citation `Guy2010' on page 1 undefined on input line 85
.


Package natbib Warning: Citation `Jha2007' on page 1 undefined on input line 85
.


Package natbib Warning: Citation `Contardo2000' on page 1 undefined on input li
ne 86.


Package natbib Warning: Citation `Stritzinger2006' on page 1 undefined on input
 line 88.


Package natbib Warning: Citation `Scalzo2014' on page 1 undefined on input line
 88.


Package natbib Warning: Citation `Phillips1993' on page 1 undefined on input li
ne 92.


Package natbib Warning: Citation `Elias1981' on page 1 undefined on input line 
102.


Package natbib Warning: Citation `Meikle2000' on page 1 undefined on input line
 102.


Package natbib Warning: Citation `K04a' on page 1 undefined on input line 102.


Package natbib Warning: Citation `K07' on page 1 undefined on input line 102.


Package natbib Warning: Citation `WV08' on page 1 undefined on input line 107.


Package natbib Warning: Citation `Contreras2010' on page 1 undefined on input l
ine 107.


Package natbib Warning: Citation `Stritzinger2011' on page 1 undefined on input
 line 107.


Package natbib Warning: Citation `BN12' on page 1 undefined on input line 107.


Package natbib Warning: Citation `Nobili2005' on page 1 undefined on input line
 109.


Package natbib Warning: Citation `Freedman2009' on page 1 undefined on input li
ne 109.


Package natbib Warning: Citation `Kattner2012' on page 1 undefined on input lin
e 109.


Package natbib Warning: Citation `Weyant2014' on page 1 undefined on input line
 109.


Package natbib Warning: Citation `Elias1983' on page 1 undefined on input line 
115.


Package natbib Warning: Citation `Leibundgut1988' on page 1 undefined on input 
line 115.


Package natbib Warning: Citation `Leibundgut2000' on page 1 undefined on input 
line 115.


Package natbib Warning: Citation `Meikle2000' on page 1 undefined on input line
 115.


Package natbib Warning: Citation `WV08' on page 1 undefined on input line 115.


Package natbib Warning: Citation `Folatelli2010' on page 1 undefined on input l
ine 115.


Package natbib Warning: Citation `Kasen2006' on page 1 undefined on input line 
115.


Package natbib Warning: Citation `Burns2014' on page 1 undefined on input line 
124.


Package natbib Warning: Citation `Kasen2007' on page 1 undefined on input line 
125.

<../plot_rel/t2lbol.pdf, id=1, 867.24pt x 1300.86pt>
File: ../plot_rel/t2lbol.pdf Graphic file (type pdf)

<use ../plot_rel/t2lbol.pdf>
Overfull \hbox (5.99661pt too wide) in paragraph at lines 171--172
 [][] 
 []

LaTeX Font Info:    Font shape `OT1/ptm/bx/n' in size <9> not available
(Font)              Font shape `OT1/ptm/b/n' tried instead on input line 172.

Package natbib Warning: Citation `Contreras2010' on page 1 undefined on input l
ine 186.


Package natbib Warning: Citation `Burns2011' on page 1 undefined on input line 
186.


Package natbib Warning: Citation `Stritzinger2011' on page 1 undefined on input
 line 186.


Package natbib Warning: Citation `Phillips2012' on page 1 undefined on input li
ne 186.


Package natbib Warning: Citation `Burns2014' on page 1 undefined on input line 
186.


Underfull \vbox (badness 10000) has occurred while \output is active []

 [1{/usr/share/texmf/fonts/map/pdftex/updmap/pdftex.map}


]

Package natbib Warning: Citation `Filippenko1992' on page 2 undefined on input 
line 194.


Package natbib Warning: Citation `Leibundgut1993' on page 2 undefined on input 
line 194.


Package natbib Warning: Citation `Mazzali1997' on page 2 undefined on input lin
e 194.

(./ana.tex

Package natbib Warning: Citation `Suntzeff1996' on page 2 undefined on input li
ne 2.


Underfull \hbox (badness 10000) in paragraph at lines 13--15
[]\OT1/ptm/m/n/10 Since all dis-tances are scaled to an $\OML/cmm/m/it/10 H[] \
OT1/cmr/m/n/10 =
 []


Underfull \hbox (badness 2644) in paragraph at lines 13--15
\OT1/cmr/m/n/10 70\OML/cmm/m/it/10 kms[]Mpc[]$\OT1/ptm/m/n/10 the er-rors in th
e lu-mi-nos-ity dis-tance are
 []

(./sn_samp_lr.tex)

Package natbib Warning: Citation `Stritzinger2006' on page 2 undefined on input
 line 43.


Package natbib Warning: Citation `Blinnikov2006' on page 2 undefined on input l
ine 43.

) (./res.tex (../mni_tab.tex)
LaTeX Font Info:    Font shape `OT1/phv/m/it' in size <10> not available
(Font)              Font shape `OT1/phv/m/sl' tried instead on input line 5.
 [2 <../plot_rel/t2lbol.pdf

pdfTeX warning: pdflatex (file ../plot_rel/t2lbol.pdf): PDF inclusion: Page Gro
up detected which pdfTeX can't handle. Ignoring it.
>]

LaTeX Warning: Reference `eq:ly,eq:lj,eq:lh' on page 3 undefined on input line 
56.


LaTeX Warning: Reference `eq:eni' on page 3 undefined on input line 56.


LaTeX Warning: Reference `eq:y,eq:j,eq:h' on page 3 undefined on input line 56.



Package natbib Warning: Citation `Margutti2014' on page 3 undefined on input li
ne 65.


Package natbib Warning: Citation `Goobar2014' on page 3 undefined on input line
 65.


Underfull \vbox (badness 10000) has occurred while \output is active []

 [3]

Package natbib Warning: Citation `Wang2007' on page 4 undefined on input line 8
6.


Package natbib Warning: Citation `Patat2007' on page 4 undefined on input line 
86.

(./red_tab.tex)

LaTeX Warning: Reference `tab:red' on page 4 undefined on input line 90.


LaTeX Warning: Reference `tab:red' on page 4 undefined on input line 91.


LaTeX Warning: Reference `eq:lm-eni' on page 4 undefined on input line 105.


Overfull \hbox (138.9448pt too wide) detected at line 115
\OT1/cmr/m/n/10 0\OML/cmm/m/it/10 :\OT1/cmr/m/n/10 040(\OMS/cmsy/m/n/10 ^^F\OT1
/cmr/m/n/10 0\OML/cmm/m/it/10 :\OT1/cmr/m/n/10 005) \OMS/cmsy/m/n/10 ^^C \OML/c
mm/m/it/10 t[]\OT1/cmr/m/n/10 (\OML/cmm/m/it/10 Y\OT1/cmr/m/n/10 ) \OMS/cmsy/m/
n/10 ^^@ \OT1/cmr/m/n/10 0\OML/cmm/m/it/10 :\OT1/cmr/m/n/10 055(\OMS/cmsy/m/n/1
0 ^^F\OT1/cmr/m/n/10 0\OML/cmm/m/it/10 :\OT1/cmr/m/n/10 125)\OML/cmm/m/it/10 E[
]\OT1/cmr/m/n/10 (1\OML/cmm/m/it/10 M[]\OT1/cmr/m/n/10 ) = 6\OML/cmm/m/it/10 :\
OT1/cmr/m/n/10 45\OML/cmm/m/it/10 X\OT1/cmr/m/n/10 10[]\OML/cmm/m/it/10 e[] \OT
1/cmr/m/n/10 + 1\OML/cmm/m/it/10 :\OT1/cmr/m/n/10 45\OML/cmm/m/it/10 X\OT1/cmr/
m/n/10 10[]\OML/cmm/m/it/10 e[]
 []


Package natbib Warning: Citation `G2011' on page 4 undefined on input line 117.



Overfull \hbox (32.34602pt too wide) detected at line 130
 []$[]  \OML/cmm/m/it/10 L[] \OT1/cmr/m/n/10 = \OML/cmm/m/it/10  \OMS/cmsy/m/n
/10 ^^C \OT1/cmr/m/n/10 (6\OML/cmm/m/it/10 :\OT1/cmr/m/n/10 45\OML/cmm/m/it/10 
X\OT1/cmr/m/n/10 10[]\OML/cmm/m/it/10 e[]\OT1/cmr/m/n/10 +$ 
 []


Overfull \hbox (35.16324pt too wide) detected at line 130
 []$[]\OT1/cmr/m/n/10 1\OML/cmm/m/it/10 :\OT1/cmr/m/n/10 45\OML/cmm/m/it/10 X\O
T1/cmr/m/n/10 10[]\OML/cmm/m/it/10 e[]\OT1/cmr/m/n/10 ) \OMS/cmsy/m/n/10 ^^C \O
T1/cmr/m/n/10 (\OML/cmm/m/it/10 M[]=M[]\OT1/cmr/m/n/10 )$ []  
 []

[4]

Package natbib Warning: Citation `stritzinger2006' on page 5 undefined on input
 line 150.


LaTeX Warning: Reference `eq:arn' on page 5 undefined on input line 156.


Package natbib Warning: Citation `Blondin2013' on page 5 undefined on input lin
e 159.

<../plot_rel/nihist_rel.pdf, id=190, 578.16pt x 433.62pt>
File: ../plot_rel/nihist_rel.pdf Graphic file (type pdf)

<use ../plot_rel/nihist_rel.pdf>
Overfull \hbox (6.0pt too wide) in paragraph at lines 167--168
[][] 
 []


LaTeX Warning: Reference `fig:hist' on page 5 undefined on input line 172.


Package natbib Warning: Citation `Scalzo2014' on page 5 undefined on input line
 175.


Package natbib Warning: Citation `Scalzo2014' on page 5 undefined on input line
 177.


Package natbib Warning: Citation `Barbon1973' on page 5 undefined on input line
 184.


Package natbib Warning: Citation `Phillips1999' on page 5 undefined on input li
ne 184.


Package natbib Warning: Citation `Leibundgut2000' on page 5 undefined on input 
line 184.


Package natbib Warning: Citation `Contardo2000' on page 5 undefined on input li
ne 185.


Package natbib Warning: Citation `Contardo2000' on page 5 undefined on input li
ne 193.


Package natbib Warning: Citation `Contardo2000' on page 5 undefined on input li
ne 197.


Underfull \hbox (badness 10000) in paragraph at lines 197--199
[]\OT1/ptm/m/n/10 We in-ves-ti-gate the near peak bolo-met-ric de-cline
 []


Underfull \hbox (badness 2503) in paragraph at lines 197--199
\OT1/ptm/m/n/10 (parametrized as $\OT1/cmr/m/n/10 ^^A\OML/cmm/m/it/10 m[]\OT1/c
mr/m/n/10 (\OML/cmm/m/it/10 bol\OT1/cmr/m/n/10 )$\OT1/ptm/m/n/10 ) for our sam-
ple and find a
 []

<../plot_rel/Late_decl_distrib.pdf, id=191, 578.16pt x 433.62pt>
File: ../plot_rel/Late_decl_distrib.pdf Graphic file (type pdf)

<use ../plot_rel/Late_decl_distrib.pdf>
Overfull \hbox (6.00102pt too wide) in paragraph at lines 201--203
[][] 
 []

<../plot_rel/dm15_bol_b.pdf, id=192, 578.16pt x 433.62pt>
File: ../plot_rel/dm15_bol_b.pdf Graphic file (type pdf)

<use ../plot_rel/dm15_bol_b.pdf>
Overfull \hbox (6.00102pt too wide) in paragraph at lines 206--208
[][] 
 []

) (./dis.tex

Package natbib Warning: Citation `Kasen2006' on page 5 undefined on input line 
3.


Package natbib Warning: Citation `Churazov2014' on page 5 undefined on input li
ne 13.

[5 <../plot_rel/nihist_rel.pdf

pdfTeX warning: pdflatex (file ../plot_rel/nihist_rel.pdf): PDF inclusion: Page
 Group detected which pdfTeX can't handle. Ignoring it.
>])
Missing character: There is no Ê in font ptmr7t!
Missing character: There is no » in font ptmr7t!


Package natbib Warning: There were undefined citations.

[6 <../plot_rel/Late_decl_distrib.pdf

pdfTeX warning: pdflatex (file ../plot_rel/Late_decl_distrib.pdf): PDF inclusio
n: Page Group detected which pdfTeX can't handle. Ignoring it.
> <../plot_rel/dm15_bol_b.pdf

pdfTeX warning: pdflatex (file ../plot_rel/dm15_bol_b.pdf): PDF inclusion: Page
 Group detected which pdfTeX can't handle. Ignoring it.
>] (./main.aux)

LaTeX Warning: There were undefined references.


LaTeX Warning: There were multiply-defined labels.

 ) 
Here is how much of TeX's memory you used:
 2679 strings out of 256216
 29757 string characters out of 1917072
 102460 words of memory out of 1500000
 5901 multiletter control sequences out of 10000+200000
 36871 words of font info for 71 fonts, out of 1200000 for 2000
 645 hyphenation exceptions out of 8191
 27i,12n,25p,609b,277s stack positions out of 5000i,500n,6000p,200000b,15000s
{/usr/share/texmf/fonts/enc/dvips/base/8r.enc}</usr/share/texmf/fonts/type1/b
luesky/cm/cmmi10.pfb></usr/share/texmf/fonts/type1/bluesky/cm/cmmi5.pfb></usr/s
hare/texmf/fonts/type1/bluesky/cm/cmmi6.pfb></usr/share/texmf/fonts/type1/blues
ky/cm/cmmi7.pfb></usr/share/texmf/fonts/type1/bluesky/cm/cmmi9.pfb></usr/share/
texmf/fonts/type1/bluesky/cm/cmr10.pfb></usr/share/texmf/fonts/type1/bluesky/cm
/cmr5.pfb></usr/share/texmf/fonts/type1/bluesky/cm/cmr6.pfb></usr/share/texmf/f
onts/type1/bluesky/cm/cmr7.pfb></usr/share/texmf/fonts/type1/bluesky/cm/cmr9.pf
b></usr/share/texmf/fonts/type1/bluesky/cm/cmsy10.pfb></usr/share/texmf/fonts/t
ype1/bluesky/cm/cmsy7.pfb></usr/share/texmf/fonts/type1/bluesky/cm/cmsy9.pfb></
usr/share/texmf/fonts/type1/bluesky/ams/msam10.pfb></usr/share/texmf/fonts/type
1/urw/courier/ucrr8a.pfb></usr/share/texmf/fonts/type1/urw/helvetic/uhvb8a.pfb>
</usr/share/texmf/fonts/type1/urw/helvetic/uhvr8a.pfb></usr/share/texmf/fonts/t
ype1/urw/helvetic/uhvro8a.pfb></usr/share/texmf/fonts/type1/urw/times/utmb8a.pf
b></usr/share/texmf/fonts/type1/urw/times/utmr8a.pfb></usr/share/texmf/fonts/ty
pe1/urw/times/utmr8a.pfb></usr/share/texmf/fonts/type1/urw/times/utmri8a.pfb>
Output written on main.pdf (6 pages, 271609 bytes).
PDF statistics:
 354 PDF objects out of 1000 (max. 8388607)
 0 named destinations out of 1000 (max. 131072)
 21 words of extra memory for PDF output out of 10000 (max. 10000000)

