This is pdfTeXk, Version 3.141592-1.40.3 (Web2C 7.5.6) (format=pdflatex 2013.2.11)  13 OCT 2014 17:33
entering extended mode
 %&-line parsing enabled.
**main.tex
(./main.tex
LaTeX2e <2005/12/01>
Babel <v3.8h> and hyphenation patterns for english, usenglishmax, dumylang, noh
yphenation, arabic, basque, bulgarian, coptic, welsh, czech, slovak, german, ng
erman, danish, esperanto, spanish, catalan, galician, estonian, farsi, finnish,
 french, greek, monogreek, ancientgreek, croatian, hungarian, interlingua, ibyc
us, indonesian, icelandic, italian, latin, mongolian, dutch, norsk, polish, por
tuguese, pinyin, romanian, russian, slovenian, uppersorbian, serbian, swedish, 
turkish, ukenglish, ukrainian, loaded.
(./aa.cls
Document Class: aa 2010/20/02 v7.0 
LaTeX document class for Astronomy and Astrophysics journal
(/usr/share/texmf/tex/latex/base/fleqn.clo
File: fleqn.clo 1998/08/17 v1.1c Standard LaTeX option (flush left equations)
\mathindent=\dimen102
)
\logodepth=\dimen103
\headerboxheight=\dimen104
\betweenumberspace=\dimen105
\aftertext=\dimen106
\headlineindent=\dimen107
\c@inst=\count79
\c@auth=\count80
\instindent=\dimen108
\authrun=\box26
\authorrunning=\toks14
\titrun=\box27
\titlerunning=\toks15
\number@fw@rds=\count81
\c@section=\count82
\c@subsection=\count83
\c@subsubsection=\count84
\c@paragraph=\count85
\c@subparagraph=\count86
\c@theorem=\count87
\figgap=\dimen109
\c@append=\count88
\c@figure=\count89
\c@table=\count90
\abovecaptionskip=\skip41
\belowcaptionskip=\skip42
\figcapgap=\dimen110
\tabcapgap=\dimen111
\bibindent=\dimen112
)
(/usr/share/texmf/tex/latex/graphics/graphicx.sty
Package: graphicx 1999/02/16 v1.0f Enhanced LaTeX Graphics (DPC,SPQR)

(/usr/share/texmf/tex/latex/graphics/keyval.sty
Package: keyval 1999/03/16 v1.13 key=value parser (DPC)
\KV@toks@=\toks16
)
(/usr/share/texmf/tex/latex/graphics/graphics.sty
Package: graphics 2006/02/20 v1.0o Standard LaTeX Graphics (DPC,SPQR)

(/usr/share/texmf/tex/latex/graphics/trig.sty
Package: trig 1999/03/16 v1.09 sin cos tan (DPC)
)
(/usr/share/texmf/tex/latex/config/graphics.cfg
File: graphics.cfg 2007/01/18 v1.5 graphics configuration of teTeX/TeXLive
)
Package graphics Info: Driver file: pdftex.def on input line 90.

(/usr/share/texmf/tex/latex/pdftex-def/pdftex.def
File: pdftex.def 2007/01/08 v0.04d Graphics/color for pdfTeX
\Gread@gobject=\count91
))
\Gin@req@height=\dimen113
\Gin@req@width=\dimen114
)
(/usr/share/texmf/tex/latex/amsmath/amsmath.sty
Package: amsmath 2000/07/18 v2.13 AMS math features
\@mathmargin=\skip43

For additional information on amsmath, use the `?' option.
(/usr/share/texmf/tex/latex/amsmath/amstext.sty
Package: amstext 2000/06/29 v2.01

(/usr/share/texmf/tex/latex/amsmath/amsgen.sty
File: amsgen.sty 1999/11/30 v2.0
\@emptytoks=\toks17
\ex@=\dimen115
))
(/usr/share/texmf/tex/latex/amsmath/amsbsy.sty
Package: amsbsy 1999/11/29 v1.2d
\pmbraise@=\dimen116
)
(/usr/share/texmf/tex/latex/amsmath/amsopn.sty
Package: amsopn 1999/12/14 v2.01 operator names
)
\inf@bad=\count92
LaTeX Info: Redefining \frac on input line 211.
\uproot@=\count93
\leftroot@=\count94
LaTeX Info: Redefining \overline on input line 307.
\classnum@=\count95
\DOTSCASE@=\count96
LaTeX Info: Redefining \ldots on input line 379.
LaTeX Info: Redefining \dots on input line 382.
LaTeX Info: Redefining \cdots on input line 467.
\Mathstrutbox@=\box28
\strutbox@=\box29
\big@size=\dimen117
LaTeX Font Info:    Redeclaring font encoding OML on input line 567.
LaTeX Font Info:    Redeclaring font encoding OMS on input line 568.


Package amsmath Warning: Unable to redefine math accent \vec.

\macc@depth=\count97
\c@MaxMatrixCols=\count98
\dotsspace@=\muskip10
\c@parentequation=\count99
\dspbrk@lvl=\count100
\tag@help=\toks18
\row@=\count101
\column@=\count102
\maxfields@=\count103
\andhelp@=\toks19
\eqnshift@=\dimen118
\alignsep@=\dimen119
\tagshift@=\dimen120
\tagwidth@=\dimen121
\totwidth@=\dimen122
\lineht@=\dimen123
\@envbody=\toks20
\multlinegap=\skip44
\multlinetaggap=\skip45
\mathdisplay@stack=\toks21
LaTeX Info: Redefining \[ on input line 2666.
LaTeX Info: Redefining \] on input line 2667.
) (./deluxetable.sty
Package: deluxetable 
\pt@box=\box30
\pt@width=\dimen124
\pt@line=\count104
\pt@column=\count105
\pt@nlines=\count106
\pt@ncol=\count107
\pt@page=\count108
\pt@tmpcapwidth=\dimen125
) (/usr/share/texmf/tex/latex/psnfss/times.sty
Package: times 2005/04/12 PSNFSS-v9.2a (SPQR) 
)
(/usr/share/texmf/tex/latex/graphics/epsfig.sty
Package: epsfig 1999/02/16 v1.7a (e)psfig emulation (SPQR)
\epsfxsize=\dimen126
\epsfysize=\dimen127
)
(/usr/share/texmf/tex/latex/natbib/natbib.sty
Package: natbib 2007/02/05 8.0 (PWD)
\bibhang=\skip46
\bibsep=\skip47
LaTeX Info: Redefining \cite on input line 602.
\c@NAT@ctr=\count109
)
(/usr/share/texmf/tex/latex/amsfonts/amssymb.sty
Package: amssymb 2002/01/22 v2.2d

(/usr/share/texmf/tex/latex/amsfonts/amsfonts.sty
Package: amsfonts 2001/10/25 v2.2f
\symAMSa=\mathgroup4
\symAMSb=\mathgroup5
LaTeX Font Info:    Overwriting math alphabet `\mathfrak' in version `bold'
(Font)                  U/euf/m/n --> U/euf/b/n on input line 132.
))
(/usr/share/texmf/tex/generic/babel/babel.sty
Package: babel 2005/11/23 v3.8h The Babel package

(/usr/share/texmf/tex/generic/babel/english.ldf
Language: english 2005/03/30 v3.3o English support from the babel system

(/usr/share/texmf/tex/generic/babel/babel.def
File: babel.def 2005/11/23 v3.8h Babel common definitions
\babel@savecnt=\count110
\U@D=\dimen128
)
\l@british = a dialect from \language\l@english 
\l@UKenglish = a dialect from \language\l@english 
\l@canadian = a dialect from \language\l@american 
\l@australian = a dialect from \language\l@british 
\l@newzealand = a dialect from \language\l@british 
)) (./main.aux)
\openout1 = `main.aux'.

LaTeX Font Info:    Checking defaults for OML/cmm/m/it on input line 27.
LaTeX Font Info:    ... okay on input line 27.
LaTeX Font Info:    Checking defaults for T1/cmr/m/n on input line 27.
LaTeX Font Info:    ... okay on input line 27.
LaTeX Font Info:    Checking defaults for OT1/cmr/m/n on input line 27.
LaTeX Font Info:    ... okay on input line 27.
LaTeX Font Info:    Checking defaults for OMS/cmsy/m/n on input line 27.
LaTeX Font Info:    ... okay on input line 27.
LaTeX Font Info:    Checking defaults for OMX/cmex/m/n on input line 27.
LaTeX Font Info:    ... okay on input line 27.
LaTeX Font Info:    Checking defaults for U/cmr/m/n on input line 27.
LaTeX Font Info:    ... okay on input line 27.
LaTeX Font Info:    Try loading font information for OT1+ptm on input line 27.

(/usr/share/texmf/tex/latex/psnfss/ot1ptm.fd
File: ot1ptm.fd 2001/06/04 font definitions for OT1/ptm.
)
A&A warning: Missing \date
LaTeX Font Info:    Try loading font information for OMS+ptm on input line 56.
(/usr/share/texmf/tex/latex/psnfss/omsptm.fd
File: omsptm.fd 
)
LaTeX Font Info:    Font shape `OMS/ptm/m/n' in size <10> not available
(Font)              Font shape `OMS/cmsy/m/n' tried instead on input line 56.
LaTeX Font Info:    Try loading font information for OT1+phv on input line 56.

(/usr/share/texmf/tex/latex/psnfss/ot1phv.fd
File: ot1phv.fd 2001/06/04 scalable font definitions for OT1/phv.
)
LaTeX Font Info:    Font shape `OT1/phv/bx/n' in size <17.28> not available
(Font)              Font shape `OT1/phv/b/n' tried instead on input line 56.
LaTeX Font Info:    Try loading font information for U+msa on input line 56.

(/usr/share/texmf/tex/latex/amsfonts/umsa.fd
File: umsa.fd 2002/01/19 v2.2g AMS font definitions
)
LaTeX Font Info:    Try loading font information for U+msb on input line 56.

(/usr/share/texmf/tex/latex/amsfonts/umsb.fd
File: umsb.fd 2002/01/19 v2.2g AMS font definitions
)
LaTeX Font Info:    Font shape `OT1/ptm/bx/n' in size <10> not available
(Font)              Font shape `OT1/ptm/b/n' tried instead on input line 56.
LaTeX Font Info:    Font shape `OT1/ptm/bx/n' in size <10.95> not available
(Font)              Font shape `OT1/ptm/b/n' tried instead on input line 56.
LaTeX Font Info:    Try loading font information for OT1+pcr on input line 56.

(/usr/share/texmf/tex/latex/psnfss/ot1pcr.fd
File: ot1pcr.fd 2001/06/04 font definitions for OT1/pcr.
)
Underfull \hbox (badness 10000) in paragraph at lines 56--56
  
 []


Underfull \hbox (badness 10000) in paragraph at lines 56--56
  
 []

LaTeX Font Info:    Font shape `OT1/phv/bx/n' in size <9> not available
(Font)              Font shape `OT1/phv/b/n' tried instead on input line 56.
LaTeX Font Info:    Font shape `OT1/phv/m/it' in size <9> not available
(Font)              Font shape `OT1/phv/m/sl' tried instead on input line 56.
LaTeX Font Info:    Font shape `OT1/phv/bx/n' in size <10.95> not available
(Font)              Font shape `OT1/phv/b/n' tried instead on input line 57.
<../plot_rel/lbolt2_bf.pdf, id=1, 867.24pt x 1300.86pt>
File: ../plot_rel/lbolt2_bf.pdf Graphic file (type pdf)

<use ../plot_rel/lbolt2_bf.pdf>
Overfull \hbox (5.99661pt too wide) in paragraph at lines 83--84
 [][] 
 []


Package natbib Warning: Citation `Burns2011' on page 1 undefined on input line 
98.

[1{/usr/share/texmf/fonts/map/pdftex/updmap/pdftex.map}


] (./ana.tex
Underfull \hbox (badness 10000) in paragraph at lines 13--15
[]\OT1/ptm/m/n/10 Since all dis-tances are scaled to an $\OML/cmm/m/it/10 H[] \
OT1/cmr/m/n/10 =
 []


Underfull \hbox (badness 2644) in paragraph at lines 13--15
\OT1/cmr/m/n/10 70\OML/cmm/m/it/10 kms[]Mpc[]$\OT1/ptm/m/n/10 the er-rors in th
e lu-mi-nos-ity dis-tance are
 []

(./tab/sn_samp_lr.tex
! Missing { inserted.
<inserted text> 
                {
l.10 \hline
           
? 

Overfull \hbox (251.2681pt too wide) in paragraph at lines 5--33
 [] 
 []

)) (./res.tex (../mni_tab.tex)
LaTeX Font Info:    Font shape `OT1/phv/m/it' in size <10> not available
(Font)              Font shape `OT1/phv/m/sl' tried instead on input line 5.


LaTeX Warning: Reference `eq:lin_t2' on page 2 undefined on input line 8.

(./tab/coeff.tex) [2 <../plot_rel/lbolt2_bf.pdf

pdfTeX warning: pdflatex (file ../plot_rel/lbolt2_bf.pdf): PDF inclusion: Page 
Group detected which pdfTeX can't handle. Ignoring it.
>]
Underfull \vbox (badness 1881) has occurred while \output is active []

 [3]

LaTeX Warning: Reference `eq:lm-eni' on page 4 undefined on input line 41.


Package natbib Warning: Citation `G2011' on page 4 undefined on input line 53.

<../plot_rel/comp_tr_nit2.pdf, id=178, 706.43924pt x 627.84563pt>
File: ../plot_rel/comp_tr_nit2.pdf Graphic file (type pdf)

<use ../plot_rel/comp_tr_nit2.pdf>
Overfull \hbox (6.0pt too wide) in paragraph at lines 89--90
[][] 
 []

<../plot_rel/dif_ni_comp.pdf, id=179, 867.24pt x 1300.86pt>
File: ../plot_rel/dif_ni_comp.pdf Graphic file (type pdf)

<use ../plot_rel/dif_ni_comp.pdf>
Overfull \hbox (6.0pt too wide) in paragraph at lines 104--105
[][] 
 []

<../plot_rel/hist_ni.pdf, id=180, 1084.05pt x 1300.86pt>
File: ../plot_rel/hist_ni.pdf Graphic file (type pdf)

<use ../plot_rel/hist_ni.pdf>
Overfull \hbox (6.0pt too wide) in paragraph at lines 112--113
[][] 
 []

[4 <../plot_rel/comp_tr_nit2.pdf

pdfTeX warning: pdflatex (file ../plot_rel/comp_tr_nit2.pdf): PDF inclusion: Pa
ge Group detected which pdfTeX can't handle. Ignoring it.
>] (./tab/14j_meth.tex) (./red_tab.tex)
Underfull \vbox (badness 5316) has occurred while \output is active []

 [5 <../plot_rel/dif_ni_comp.pdf

pdfTeX warning: pdflatex (file ../plot_rel/dif_ni_comp.pdf): PDF inclusion: Pag
e Group detected which pdfTeX can't handle. Ignoring it.
> <../plot_rel/hist_ni.pdf

pdfTeX warning: pdflatex (file ../plot_rel/hist_ni.pdf): PDF inclusion: Page Gr
oup detected which pdfTeX can't handle. Ignoring it.
>] <../plot_rel/lbol_comp_yj.png, id=408, 578.16pt x 433.62pt>
File: ../plot_rel/lbol_comp_yj.png Graphic file (type png)

<use ../plot_rel/lbol_comp_yj.png>
Overfull \hbox (6.00102pt too wide) in paragraph at lines 173--174
[][] 
 []

<../plot_rel/lbol_yj_compsamp.png, id=409, 680.7834pt x 524.6802pt>
File: ../plot_rel/lbol_yj_compsamp.png Graphic file (type png)

<use ../plot_rel/lbol_yj_compsamp.png>
Overfull \hbox (6.0pt too wide) in paragraph at lines 182--183
[][] 
 []

(./tab/yj_ni.tex)

LaTeX Warning: Reference `tab:comp_ni' on page 6 undefined on input line 193.


Underfull \vbox (badness 3536) has occurred while \output is active []

 [6 <../plot_rel/lbol_comp_yj.png>]) (./dis.tex [7 <../plot_rel/lbol_yj_compsam
p.png>])
Missing character: There is no Ê in font ptmr7t!
Missing character: There is no » in font ptmr7t!

(./ref.tex)

Package natbib Warning: There were undefined citations.

[8] (./main.aux)

LaTeX Warning: There were undefined references.

 ) 
Here is how much of TeX's memory you used:
 2876 strings out of 256216
 32330 string characters out of 1917072
 108597 words of memory out of 1500000
 6082 multiletter control sequences out of 10000+200000
 36300 words of font info for 71 fonts, out of 1200000 for 2000
 645 hyphenation exceptions out of 8191
 27i,17n,25p,854b,476s stack positions out of 5000i,500n,6000p,200000b,15000s
{/usr/share/texmf/fonts/enc/dvips/base/8r.enc}</usr/share/texmf/fonts/type1/b
luesky/cm/cmmi10.pfb></usr/share/texmf/fonts/type1/bluesky/cm/cmmi5.pfb></usr/s
hare/texmf/fonts/type1/bluesky/cm/cmmi6.pfb></usr/share/texmf/fonts/type1/blues
ky/cm/cmmi7.pfb></usr/share/texmf/fonts/type1/bluesky/cm/cmmi9.pfb></usr/share/
texmf/fonts/type1/bluesky/cm/cmr10.pfb></usr/share/texmf/fonts/type1/bluesky/cm
/cmr5.pfb></usr/share/texmf/fonts/type1/bluesky/cm/cmr6.pfb></usr/share/texmf/f
onts/type1/bluesky/cm/cmr7.pfb></usr/share/texmf/fonts/type1/bluesky/cm/cmr9.pf
b></usr/share/texmf/fonts/type1/bluesky/cm/cmsy10.pfb></usr/share/texmf/fonts/t
ype1/bluesky/cm/cmsy6.pfb></usr/share/texmf/fonts/type1/bluesky/cm/cmsy7.pfb></
usr/share/texmf/fonts/type1/bluesky/cm/cmsy9.pfb></usr/share/texmf/fonts/type1/
bluesky/ams/msam10.pfb></usr/share/texmf/fonts/type1/urw/courier/ucrr8a.pfb></u
sr/share/texmf/fonts/type1/urw/helvetic/uhvb8a.pfb></usr/share/texmf/fonts/type
1/urw/helvetic/uhvr8a.pfb></usr/share/texmf/fonts/type1/urw/helvetic/uhvro8a.pf
b></usr/share/texmf/fonts/type1/urw/times/utmb8a.pfb></usr/share/texmf/fonts/ty
pe1/urw/times/utmr8a.pfb></usr/share/texmf/fonts/type1/urw/times/utmr8a.pfb></u
sr/share/texmf/fonts/type1/urw/times/utmri8a.pfb>
Output written on main.pdf (8 pages, 361018 bytes).
PDF statistics:
 495 PDF objects out of 1000 (max. 8388607)
 0 named destinations out of 1000 (max. 131072)
 31 words of extra memory for PDF output out of 10000 (max. 10000000)

