mktextfm 
mktextfm 
mktextfm 
mktextfm 
mktextfm 
mktextfm phvr7t
mktextfm phvb7t
mktextfm nullfont
mktextfm pcrr7t
mktextfm phvr7t
mktextfm phvb7t
mktextfm phvr7t
mktextfm phvr7t
mktextfm phvb7t
mktextfm nullfont
mktextfm pcrr7t
mktextfm phvr7t
mktextfm phvr7t
mktextfm phvr7t
mktextfm phvr7t
mktextfm phvb7t
mktextfm phvr7t
mktextfm phvr7t
mktextfm phvr7t
mktextfm phvr7t
mktextfm phvb7t
mktextfm nullfont
mktextfm pcrr7t
mktextfm phvr7t
mktextfm phvb7t
mktextfm nullfont
mktextfm phvro7t
mktextfm nullfont
mktextfm phvr7t
mktextfm phvb7t
mktextfm nullfont
mktextfm phvr7t
mktextfm phvb7t
mktextfm nullfont
mktextfm phvr7t
mktextfm phvb7t
mktextfm nullfont
mktextfm phvr7t
mktextfm phvb7t
mktextfm phvr7t
mktextfm phvb7t
mktextfm phvr7t
mktextfm phvb7t
mktextfm phvr7t
mktextfm phvb7t
mktextfm phvr7t
mktextfm phvb7t
mktextfm phvr7t
mktextfm phvb7t
mktextfm phvr7t
mktextfm phvb7t
mktextfm phvr7t
mktextfm phvb7t
mktextfm phvr7t
mktextfm phvr7t
mktextfm phvb7t
mktextfm phvr7t
mktextfm phvr7t
mktextfm phvb7t
mktextfm phvr7t
mktextfm phvb7t
mktextfm nullfont
