This is pdfTeX, Version 3.1415926-2.5-1.40.14 (TeX Live 2013) (format=pdflatex 2014.4.14)  14 AUG 2014 21:07
entering extended mode
 restricted \write18 enabled.
 %&-line parsing enabled.
**ni_main.tex
(./ni_main.tex
LaTeX2e <2011/06/27>
Babel <3.9f> and hyphenation patterns for 21 languages loaded.
(./mn2e.cls
Document Class: mn2e 2001/02/06 v2.2 LaTeX2e MN document class
Document Style `MN' v2.2, released 2001 February 20
\math@groups=\toks14
LaTeX Font Info:    Overwriting symbol font `symbols' in version `bold'
(Font)                  OMS/cmsy/b/n --> OMS/cmsy/b/n on input line 223.
\symbmisymbols=\mathgroup4
\symUPM=\mathgroup5
LaTeX Font Info:    Overwriting symbol font `UPM' in version `bold'
(Font)                  U/eur/m/n --> U/eur/b/n on input line 260.
\symAMSa=\mathgroup6
\SFB@measure=\dimen102
\realparindent=\skip41
\c@part=\count79
\c@section=\count80
\c@subsection=\count81
\c@subsubsection=\count82
\c@paragraph=\count83
\c@subparagraph=\count84
\@indentskip=\skip42
\smallindent=\skip43
\@footindent=\skip44
\@leftskip=\skip45
\c@dummy=\count85
(/usr/local/texlive/2013basic/texmf-dist/tex/latex/natbib/natbib.sty
Package: natbib 2010/09/13 8.31b (PWD, AO)
\bibhang=\skip46
\bibsep=\skip47
LaTeX Info: Redefining \cite on input line 694.
\c@NAT@ctr=\count86
)
\c@table=\count87
\c@figure=\count88
\mathindent=\dimen103
)
(/usr/local/texlive/2013basic/texmf-dist/tex/latex/graphics/graphicx.sty
Package: graphicx 1999/02/16 v1.0f Enhanced LaTeX Graphics (DPC,SPQR)

(/usr/local/texlive/2013basic/texmf-dist/tex/latex/graphics/keyval.sty
Package: keyval 1999/03/16 v1.13 key=value parser (DPC)
\KV@toks@=\toks15
)
(/usr/local/texlive/2013basic/texmf-dist/tex/latex/graphics/graphics.sty
Package: graphics 2009/02/05 v1.0o Standard LaTeX Graphics (DPC,SPQR)

(/usr/local/texlive/2013basic/texmf-dist/tex/latex/graphics/trig.sty
Package: trig 1999/03/16 v1.09 sin cos tan (DPC)
)
(/usr/local/texlive/2013basic/texmf-dist/tex/latex/latexconfig/graphics.cfg
File: graphics.cfg 2010/04/23 v1.9 graphics configuration of TeX Live
)
Package graphics Info: Driver file: pdftex.def on input line 91.

(/usr/local/texlive/2013basic/texmf-dist/tex/latex/pdftex-def/pdftex.def
File: pdftex.def 2011/05/27 v0.06d Graphics/color for pdfTeX

(/usr/local/texlive/2013basic/texmf-dist/tex/generic/oberdiek/infwarerr.sty
Package: infwarerr 2010/04/08 v1.3 Providing info/warning/error messages (HO)
)
(/usr/local/texlive/2013basic/texmf-dist/tex/generic/oberdiek/ltxcmds.sty
Package: ltxcmds 2011/11/09 v1.22 LaTeX kernel commands for general use (HO)
)
\Gread@gobject=\count89
))
\Gin@req@height=\dimen104
\Gin@req@width=\dimen105
)
(/usr/local/texlive/2013basic/texmf-dist/tex/latex/amsmath/amsmath.sty
Package: amsmath 2013/01/14 v2.14 AMS math features
\@mathmargin=\skip48

For additional information on amsmath, use the `?' option.
(/usr/local/texlive/2013basic/texmf-dist/tex/latex/amsmath/amstext.sty
Package: amstext 2000/06/29 v2.01

(/usr/local/texlive/2013basic/texmf-dist/tex/latex/amsmath/amsgen.sty
File: amsgen.sty 1999/11/30 v2.0
\@emptytoks=\toks16
\ex@=\dimen106
))
(/usr/local/texlive/2013basic/texmf-dist/tex/latex/amsmath/amsbsy.sty
Package: amsbsy 1999/11/29 v1.2d
\pmbraise@=\dimen107
)
(/usr/local/texlive/2013basic/texmf-dist/tex/latex/amsmath/amsopn.sty
Package: amsopn 1999/12/14 v2.01 operator names
)
\inf@bad=\count90
LaTeX Info: Redefining \frac on input line 210.
\uproot@=\count91
\leftroot@=\count92
LaTeX Info: Redefining \overline on input line 306.
\classnum@=\count93
\DOTSCASE@=\count94
LaTeX Info: Redefining \ldots on input line 378.
LaTeX Info: Redefining \dots on input line 381.
LaTeX Info: Redefining \cdots on input line 466.
\Mathstrutbox@=\box26
\strutbox@=\box27
\big@size=\dimen108
LaTeX Font Info:    Redeclaring font encoding OML on input line 566.
LaTeX Font Info:    Redeclaring font encoding OMS on input line 567.
\macc@depth=\count95
\c@MaxMatrixCols=\count96
\dotsspace@=\muskip10
\c@parentequation=\count97
\dspbrk@lvl=\count98
\tag@help=\toks17
\row@=\count99
\column@=\count100
\maxfields@=\count101
\andhelp@=\toks18
\eqnshift@=\dimen109
\alignsep@=\dimen110
\tagshift@=\dimen111
\tagwidth@=\dimen112
\totwidth@=\dimen113
\lineht@=\dimen114
\@envbody=\toks19
\multlinegap=\skip49
\multlinetaggap=\skip50
\mathdisplay@stack=\toks20
LaTeX Info: Redefining \[ on input line 2665.
LaTeX Info: Redefining \] on input line 2666.
)
(/usr/local/texlive/2013basic/texmf-dist/tex/latex/hyperref/hyperref.sty
Package: hyperref 2012/11/06 v6.83m Hypertext links for LaTeX

(/usr/local/texlive/2013basic/texmf-dist/tex/generic/oberdiek/hobsub-hyperref.s
ty
Package: hobsub-hyperref 2012/05/28 v1.13 Bundle oberdiek, subset hyperref (HO)


(/usr/local/texlive/2013basic/texmf-dist/tex/generic/oberdiek/hobsub-generic.st
y
Package: hobsub-generic 2012/05/28 v1.13 Bundle oberdiek, subset generic (HO)
Package: hobsub 2012/05/28 v1.13 Construct package bundles (HO)
Package hobsub Info: Skipping package `infwarerr' (already loaded).
Package hobsub Info: Skipping package `ltxcmds' (already loaded).
Package: ifluatex 2010/03/01 v1.3 Provides the ifluatex switch (HO)
Package ifluatex Info: LuaTeX not detected.
Package: ifvtex 2010/03/01 v1.5 Detect VTeX and its facilities (HO)
Package ifvtex Info: VTeX not detected.
Package: intcalc 2007/09/27 v1.1 Expandable calculations with integers (HO)
Package: ifpdf 2011/01/30 v2.3 Provides the ifpdf switch (HO)
Package ifpdf Info: pdfTeX in PDF mode is detected.
Package: etexcmds 2011/02/16 v1.5 Avoid name clashes with e-TeX commands (HO)
Package etexcmds Info: Could not find \expanded.
(etexcmds)             That can mean that you are not using pdfTeX 1.50 or
(etexcmds)             that some package has redefined \expanded.
(etexcmds)             In the latter case, load this package earlier.
Package: kvsetkeys 2012/04/25 v1.16 Key value parser (HO)
Package: kvdefinekeys 2011/04/07 v1.3 Define keys (HO)
Package: pdftexcmds 2011/11/29 v0.20 Utility functions of pdfTeX for LuaTeX (HO
)
Package pdftexcmds Info: LuaTeX not detected.
Package pdftexcmds Info: \pdf@primitive is available.
Package pdftexcmds Info: \pdf@ifprimitive is available.
Package pdftexcmds Info: \pdfdraftmode found.
Package: pdfescape 2011/11/25 v1.13 Implements pdfTeX's escape features (HO)
Package: bigintcalc 2012/04/08 v1.3 Expandable calculations on big integers (HO
)
Package: bitset 2011/01/30 v1.1 Handle bit-vector datatype (HO)
Package: uniquecounter 2011/01/30 v1.2 Provide unlimited unique counter (HO)
)
Package hobsub Info: Skipping package `hobsub' (already loaded).
Package: letltxmacro 2010/09/02 v1.4 Let assignment for LaTeX macros (HO)
Package: hopatch 2012/05/28 v1.2 Wrapper for package hooks (HO)
Package: xcolor-patch 2011/01/30 xcolor patch
Package: atveryend 2011/06/30 v1.8 Hooks at the very end of document (HO)
Package atveryend Info: \enddocument detected (standard20110627).
Package: atbegshi 2011/10/05 v1.16 At begin shipout hook (HO)
Package: refcount 2011/10/16 v3.4 Data extraction from label references (HO)
Package: hycolor 2011/01/30 v1.7 Color options for hyperref/bookmark (HO)
) (/usr/local/texlive/2013basic/texmf-dist/tex/generic/ifxetex/ifxetex.sty
Package: ifxetex 2010/09/12 v0.6 Provides ifxetex conditional
)
(/usr/local/texlive/2013basic/texmf-dist/tex/latex/oberdiek/auxhook.sty
Package: auxhook 2011/03/04 v1.3 Hooks for auxiliary files (HO)
)
(/usr/local/texlive/2013basic/texmf-dist/tex/latex/oberdiek/kvoptions.sty
Package: kvoptions 2011/06/30 v3.11 Key value format for package options (HO)
)
\@linkdim=\dimen115
\Hy@linkcounter=\count102
\Hy@pagecounter=\count103

(/usr/local/texlive/2013basic/texmf-dist/tex/latex/hyperref/pd1enc.def
File: pd1enc.def 2012/11/06 v6.83m Hyperref: PDFDocEncoding definition (HO)
)
\Hy@SavedSpaceFactor=\count104

(/usr/local/texlive/2013basic/texmf-dist/tex/latex/latexconfig/hyperref.cfg
File: hyperref.cfg 2002/06/06 v1.2 hyperref configuration of TeXLive
)
Package hyperref Info: Hyper figures OFF on input line 4443.
Package hyperref Info: Link nesting OFF on input line 4448.
Package hyperref Info: Hyper index ON on input line 4451.
Package hyperref Info: Plain pages OFF on input line 4458.
Package hyperref Info: Backreferencing OFF on input line 4463.
Package hyperref Info: Implicit mode ON; LaTeX internals redefined.
Package hyperref Info: Bookmarks ON on input line 4688.
\c@Hy@tempcnt=\count105

(/usr/local/texlive/2013basic/texmf-dist/tex/latex/url/url.sty
\Urlmuskip=\muskip11
Package: url 2006/04/12  ver 3.3  Verb mode for urls, etc.
)
LaTeX Info: Redefining \url on input line 5041.
\XeTeXLinkMargin=\dimen116
\Fld@menulength=\count106
\Field@Width=\dimen117
\Fld@charsize=\dimen118
Package hyperref Info: Hyper figures OFF on input line 6295.
Package hyperref Info: Link nesting OFF on input line 6300.
Package hyperref Info: Hyper index ON on input line 6303.
Package hyperref Info: backreferencing OFF on input line 6310.
Package hyperref Info: Link coloring OFF on input line 6315.
Package hyperref Info: Link coloring with OCG OFF on input line 6320.
Package hyperref Info: PDF/A mode OFF on input line 6325.
LaTeX Info: Redefining \ref on input line 6365.
LaTeX Info: Redefining \pageref on input line 6369.
\Hy@abspage=\count107
\c@Item=\count108
\c@Hfootnote=\count109
)

Package hyperref Message: Driver (autodetected): hpdftex.

(/usr/local/texlive/2013basic/texmf-dist/tex/latex/hyperref/hpdftex.def
File: hpdftex.def 2012/11/06 v6.83m Hyperref driver for pdfTeX
\Fld@listcount=\count110
\c@bookmark@seq@number=\count111

(/usr/local/texlive/2013basic/texmf-dist/tex/latex/oberdiek/rerunfilecheck.sty
Package: rerunfilecheck 2011/04/15 v1.7 Rerun checks for auxiliary files (HO)
Package uniquecounter Info: New unique counter `rerunfilecheck' on input line 2
82.
)
\Hy@SectionHShift=\skip51
)

! LaTeX Error: File `subfigure.sty' not found.

Type X to quit or <RETURN> to proceed,
or enter new name. (Default extension: sty)

Enter file name: 

! LaTeX Error: File `txfonts.sty' not found.

Type X to quit or <RETURN> to proceed,
or enter new name. (Default extension: sty)

Enter file name: 
(/usr/local/texlive/2013basic/texmf-dist/tex/latex/tools/longtable.sty
Package: longtable 2004/02/01 v4.11 Multi-page Table package (DPC)
\LTleft=\skip52
\LTright=\skip53
\LTpre=\skip54
\LTpost=\skip55
\LTchunksize=\count112
\LTcapwidth=\dimen119
\LT@head=\box28
\LT@firsthead=\box29
\LT@foot=\box30
\LT@lastfoot=\box31
\LT@cols=\count113
\LT@rows=\count114
\c@LT@tables=\count115
\c@LT@chunks=\count116
\LT@p@ftn=\toks21
)
(/usr/local/texlive/2013basic/texmf-dist/tex/latex/graphics/color.sty
Package: color 2005/11/14 v1.0j Standard LaTeX Color (DPC)

(/usr/local/texlive/2013basic/texmf-dist/tex/latex/latexconfig/color.cfg
File: color.cfg 2007/01/18 v1.5 color configuration of teTeX/TeXLive
)
Package color Info: Driver file: pdftex.def on input line 130.
)
Package hyperref Info: Option `breaklinks' set `true' on input line 15.
Package hyperref Info: Option `colorlinks' set `true' on input line 15.

(./ni_main.aux

LaTeX Warning: Label `eq:j' multiply defined.

)
\openout1 = `ni_main.aux'.

LaTeX Font Info:    Checking defaults for OML/cmm/m/it on input line 67.
LaTeX Font Info:    ... okay on input line 67.
LaTeX Font Info:    Checking defaults for T1/cmr/m/n on input line 67.
LaTeX Font Info:    ... okay on input line 67.
LaTeX Font Info:    Checking defaults for OT1/cmr/m/n on input line 67.
LaTeX Font Info:    ... okay on input line 67.
LaTeX Font Info:    Checking defaults for OMS/cmsy/m/n on input line 67.
LaTeX Font Info:    ... okay on input line 67.
LaTeX Font Info:    Checking defaults for OMX/cmex/m/n on input line 67.
LaTeX Font Info:    ... okay on input line 67.
LaTeX Font Info:    Checking defaults for U/cmr/m/n on input line 67.
LaTeX Font Info:    ... okay on input line 67.
LaTeX Font Info:    Checking defaults for PD1/pdf/m/n on input line 67.
LaTeX Font Info:    ... okay on input line 67.
 (/usr/local/texlive/2013basic/texmf-dist/tex/context/base/supp-pdf.mkii
[Loading MPS to PDF converter (version 2006.09.02).]
\scratchcounter=\count117
\scratchdimen=\dimen120
\scratchbox=\box32
\nofMPsegments=\count118
\nofMParguments=\count119
\everyMPshowfont=\toks22
\MPscratchCnt=\count120
\MPscratchDim=\dimen121
\MPnumerator=\count121
\makeMPintoPDFobject=\count122
\everyMPtoPDFconversion=\toks23
) (/usr/local/texlive/2013basic/texmf-dist/tex/latex/oberdiek/epstopdf-base.sty
Package: epstopdf-base 2010/02/09 v2.5 Base part for package epstopdf
(/usr/local/texlive/2013basic/texmf-dist/tex/latex/oberdiek/grfext.sty
Package: grfext 2010/08/19 v1.1 Manage graphics extensions (HO)
)
Package grfext Info: Graphics extension search list:
(grfext)             [.png,.pdf,.jpg,.mps,.jpeg,.jbig2,.jb2,.PNG,.PDF,.JPG,.JPE
G,.JBIG2,.JB2,.eps]
(grfext)             \AppendGraphicsExtensions on input line 452.

(/usr/local/texlive/2013basic/texmf-dist/tex/latex/latexconfig/epstopdf-sys.cfg
File: epstopdf-sys.cfg 2010/07/13 v1.3 Configuration of (r)epstopdf for TeX Liv
e
))
\AtBeginShipoutBox=\box33


Package hyperref Warning: Height of page (\paperheight) is invalid (0.0pt),
(hyperref)                using 11in.

Package hyperref Info: Link coloring ON on input line 67.
(/usr/local/texlive/2013basic/texmf-dist/tex/latex/hyperref/nameref.sty
Package: nameref 2012/10/27 v2.43 Cross-referencing by name of section

(/usr/local/texlive/2013basic/texmf-dist/tex/generic/oberdiek/gettitlestring.st
y
Package: gettitlestring 2010/12/03 v1.4 Cleanup title references (HO)
)
\c@section@level=\count123
)
LaTeX Info: Redefining \ref on input line 67.
LaTeX Info: Redefining \pageref on input line 67.
LaTeX Info: Redefining \nameref on input line 67.
 (./ni_main.out) (./ni_main.out)
\@outlinefile=\write3
\openout3 = `ni_main.out'.

LaTeX Font Info:    Try loading font information for U+eur on input line 69.

(/usr/local/texlive/2013basic/texmf-dist/tex/latex/amsfonts/ueur.fd
File: ueur.fd 2013/01/14 v3.01 Euler Roman
)
LaTeX Font Info:    Try loading font information for U+msa on input line 69.

(/usr/local/texlive/2013basic/texmf-dist/tex/latex/amsfonts/umsa.fd
File: umsa.fd 2013/01/14 v3.01 AMS symbols A
)
Underfull \hbox (badness 10000) in paragraph at lines 71--72

 []


Package natbib Warning: Citation `Branch1992' on page 1 undefined on input line
 100.


Package natbib Warning: Citation `Leibundgut2000' on page 1 undefined on input 
line 100.


Package natbib Warning: Citation `Hillebrandt2000' on page 1 undefined on input
 line 100.


Package natbib Warning: Citation `Riess1998' on page 1 undefined on input line 
103.


Package natbib Warning: Citation `Perlmutter1999' on page 1 undefined on input 
line 103.


Package natbib Warning: Citation `Phillips1993' on page 1 undefined on input li
ne 111.


Package natbib Warning: Citation `Riess1996' on page 1 undefined on input line 
111.


Package natbib Warning: Citation `Guy2005' on page 1 undefined on input line 11
1.


Package natbib Warning: Citation `Guy2007' on page 1 undefined on input line 11
1.


Package natbib Warning: Citation `Guy2010' on page 1 undefined on input line 11
1.


Package natbib Warning: Citation `Jha2007' on page 1 undefined on input line 11
1.


Package natbib Warning: Citation `Contardo2000' on page 1 undefined on input li
ne 112.


Package natbib Warning: Citation `Stritzinger2006' on page 1 undefined on input
 line 114.


Package natbib Warning: Citation `Scalzo2014' on page 1 undefined on input line
 114.


Package natbib Warning: Citation `Phillips1993' on page 1 undefined on input li
ne 118.


Package natbib Warning: Citation `Elias1981' on page 1 undefined on input line 
128.


Package natbib Warning: Citation `Meikle2000' on page 1 undefined on input line
 128.


Package natbib Warning: Citation `K04a' on page 1 undefined on input line 128.


Package natbib Warning: Citation `K07' on page 1 undefined on input line 128.


Package natbib Warning: Citation `WV08' on page 1 undefined on input line 133.


Package natbib Warning: Citation `Contreras2010' on page 1 undefined on input l
ine 133.


Package natbib Warning: Citation `Stritzinger2011' on page 1 undefined on input
 line 133.


Package natbib Warning: Citation `BN12' on page 1 undefined on input line 133.


Package natbib Warning: Citation `Nobili2005' on page 1 undefined on input line
 135.


Package natbib Warning: Citation `Freedman2009' on page 1 undefined on input li
ne 135.


Package natbib Warning: Citation `Kattner2012' on page 1 undefined on input lin
e 135.


Package natbib Warning: Citation `Weyant2014' on page 1 undefined on input line
 135.


Package natbib Warning: Citation `Elias1983' on page 1 undefined on input line 
141.


Package natbib Warning: Citation `Leibundgut1988' on page 1 undefined on input 
line 141.


Package natbib Warning: Citation `Leibundgut2000' on page 1 undefined on input 
line 141.


Package natbib Warning: Citation `Meikle2000' on page 1 undefined on input line
 141.


Package natbib Warning: Citation `WV08' on page 1 undefined on input line 141.


Package natbib Warning: Citation `Folatelli2010' on page 1 undefined on input l
ine 141.


Package natbib Warning: Citation `Kasen2006' on page 1 undefined on input line 
141.


Package natbib Warning: Citation `Burns2014' on page 1 undefined on input line 
150.


Package natbib Warning: Citation `Kasen2007' on page 1 undefined on input line 
151.


Underfull \vbox (badness 10000) has occurred while \output is active []

LaTeX Font Info:    Try loading font information for OMS+cmr on input line 153.


(/usr/local/texlive/2013basic/texmf-dist/tex/latex/base/omscmr.fd
File: omscmr.fd 1999/05/25 v2.5h Standard LaTeX font definitions
)
LaTeX Font Info:    Font shape `OMS/cmr/m/n' in size <8> not available
(Font)              Font shape `OMS/cmsy/m/n' tried instead on input line 153.
 [1{/usr/local/texlive/2013basic/texmf-var/fonts/map/pdftex/updmap/pdftex.map}


]
<../t2ni.pdf, id=59, 867.24pt x 1300.86pt>
File: ../t2ni.pdf Graphic file (type pdf)
 <use ../t2ni.pdf>
Package pdftex.def Info: ../t2ni.pdf used on input line 197.
(pdftex.def)             Requested size: 251.99602pt x 409.19743pt.

Overfull \hbox (11.99602pt too wide) in paragraph at lines 197--198
 [][] 
 []


Package natbib Warning: Citation `Contreras2010' on page 2 undefined on input l
ine 212.


Package natbib Warning: Citation `Burns2011' on page 2 undefined on input line 
212.


Package natbib Warning: Citation `Stritzinger2011' on page 2 undefined on input
 line 212.


Package natbib Warning: Citation `Phillips2012' on page 2 undefined on input li
ne 212.


Package natbib Warning: Citation `Burns2014' on page 2 undefined on input line 
212.


Underfull \vbox (badness 2698) has occurred while \output is active []



Package natbib Warning: Citation `Filippenko1992' on page 2 undefined on input 
line 218.


Package natbib Warning: Citation `Leibundgut1993' on page 2 undefined on input 
line 218.


Package natbib Warning: Citation `Mazzali1997' on page 2 undefined on input lin
e 218.

(./ana.tex

Package natbib Warning: Citation `Suntzeff1996' on page 2 undefined on input li
ne 2.


Package natbib Warning: Citation `Blondin2013' on page 2 undefined on input lin
e 18.

(./mni_tab.tex)) (./res.tex [2 <../t2ni.pdf>]

Package natbib Warning: Citation `Margutti2014' on page 3 undefined on input li
ne 30.


Package natbib Warning: Citation `Goobar2014' on page 3 undefined on input line
 30.


Package natbib Warning: Citation `Wang2007' on page 3 undefined on input line 5
1.


Package natbib Warning: Citation `Patat2007' on page 3 undefined on input line 
51.


Package natbib Warning: Citation `Barbon1973' on page 3 undefined on input line
 56.


Package natbib Warning: Citation `Phillips1999' on page 3 undefined on input li
ne 56.


Package natbib Warning: Citation `Leibundgut2000' on page 3 undefined on input 
line 56.


Package natbib Warning: Citation `Contardo2000' on page 3 undefined on input li
ne 57.


Package natbib Warning: Citation `Contardo2000' on page 3 undefined on input li
ne 62.

[3]

Package natbib Warning: Citation `Contardo2000' on page 4 undefined on input li
ne 66.


Underfull \hbox (badness 2662) in paragraph at lines 66--68
[]\OT1/cmr/m/n/9 We in-ves-ti-gate the near peak bolo-met-ric de-cline
 []

<../plot_rel/Late_decl_distrib.pdf, id=143, 578.16pt x 433.62pt>
File: ../plot_rel/Late_decl_distrib.pdf Graphic file (type pdf)

<use ../plot_rel/Late_decl_distrib.pdf>
Package pdftex.def Info: ../plot_rel/Late_decl_distrib.pdf used on input line 7
0.
(pdftex.def)             Requested size: 252.00041pt x 151.2013pt.

Overfull \hbox (12.00041pt too wide) in paragraph at lines 70--72
[][] 
 []

<../plot_rel/dm15_bol_b.pdf, id=144, 578.16pt x 433.62pt>
File: ../plot_rel/dm15_bol_b.pdf Graphic file (type pdf)

<use ../plot_rel/dm15_bol_b.pdf>
Package pdftex.def Info: ../plot_rel/dm15_bol_b.pdf used on input line 75.
(pdftex.def)             Requested size: 252.00041pt x 151.2013pt.

Overfull \hbox (12.00041pt too wide) in paragraph at lines 75--77
[][] 
 []

) (./dis.tex

Package natbib Warning: Citation `Kasen2006' on page 4 undefined on input line 
3.


Package natbib Warning: Citation `Churazov2014' on page 4 undefined on input li
ne 13.

)

Package natbib Warning: There were undefined citations.

Package atveryend Info: Empty hook `BeforeClearDocument' on input line 329.
[4 <../plot_rel/Late_decl_distrib.pdf> <../plot_rel/dm15_bol_b.pdf

pdfTeX warning: pdflatex (file ../plot_rel/dm15_bol_b.pdf): PDF inclusion: mult
iple pdfs with page group included in a single page
>]
Package atveryend Info: Empty hook `AfterLastShipout' on input line 329.
 (./ni_main.aux)
Package atveryend Info: Executing hook `AtVeryEndDocument' on input line 329.
Package atveryend Info: Executing hook `AtEndAfterFileList' on input line 329.
Package rerunfilecheck Info: File `ni_main.out' has not changed.
(rerunfilecheck)             Checksum: C33C2FB1FE071F4D4E5A78D0C3FBB73D;431.


LaTeX Warning: There were multiply-defined labels.

Package atveryend Info: Empty hook `AtVeryVeryEnd' on input line 329.
 ) 
Here is how much of TeX's memory you used:
 6532 strings out of 494536
 92901 string characters out of 6167446
 189713 words of memory out of 5000000
 9670 multiletter control sequences out of 15000+600000
 19437 words of font info for 69 fonts, out of 8000000 for 9000
 319 hyphenation exceptions out of 8191
 31i,15n,34p,426b,321s stack positions out of 5000i,500n,10000p,200000b,80000s
</usr/local/texlive/2013basic/texmf-dist/fonts/type1/public/amsfonts/cm/cmbx1
0.pfb></usr/local/texlive/2013basic/texmf-dist/fonts/type1/public/amsfonts/cm/c
mbx12.pfb></usr/local/texlive/2013basic/texmf-dist/fonts/type1/public/amsfonts/
cm/cmbx8.pfb></usr/local/texlive/2013basic/texmf-dist/fonts/type1/public/amsfon
ts/cm/cmbx9.pfb></usr/local/texlive/2013basic/texmf-dist/fonts/type1/public/ams
fonts/cm/cmmi10.pfb></usr/local/texlive/2013basic/texmf-dist/fonts/type1/public
/amsfonts/cm/cmmi12.pfb></usr/local/texlive/2013basic/texmf-dist/fonts/type1/pu
blic/amsfonts/cm/cmmi6.pfb></usr/local/texlive/2013basic/texmf-dist/fonts/type1
/public/amsfonts/cm/cmmi8.pfb></usr/local/texlive/2013basic/texmf-dist/fonts/ty
pe1/public/amsfonts/cm/cmmi9.pfb></usr/local/texlive/2013basic/texmf-dist/fonts
/type1/public/amsfonts/cm/cmr10.pfb></usr/local/texlive/2013basic/texmf-dist/fo
nts/type1/public/amsfonts/cm/cmr12.pfb></usr/local/texlive/2013basic/texmf-dist
/fonts/type1/public/amsfonts/cm/cmr5.pfb></usr/local/texlive/2013basic/texmf-di
st/fonts/type1/public/amsfonts/cm/cmr6.pfb></usr/local/texlive/2013basic/texmf-
dist/fonts/type1/public/amsfonts/cm/cmr7.pfb></usr/local/texlive/2013basic/texm
f-dist/fonts/type1/public/amsfonts/cm/cmr8.pfb></usr/local/texlive/2013basic/te
xmf-dist/fonts/type1/public/amsfonts/cm/cmr9.pfb></usr/local/texlive/2013basic/
texmf-dist/fonts/type1/public/amsfonts/cm/cmsy10.pfb></usr/local/texlive/2013ba
sic/texmf-dist/fonts/type1/public/amsfonts/cm/cmsy6.pfb></usr/local/texlive/201
3basic/texmf-dist/fonts/type1/public/amsfonts/cm/cmsy8.pfb></usr/local/texlive/
2013basic/texmf-dist/fonts/type1/public/amsfonts/cm/cmsy9.pfb></usr/local/texli
ve/2013basic/texmf-dist/fonts/type1/public/amsfonts/cm/cmti12.pfb></usr/local/t
exlive/2013basic/texmf-dist/fonts/type1/public/amsfonts/cm/cmti8.pfb>
Output written on ni_main.pdf (4 pages, 312278 bytes).
PDF statistics:
 289 PDF objects out of 1000 (max. 8388607)
 175 compressed objects within 2 object streams
 21 named destinations out of 1000 (max. 500000)
 80 words of extra memory for PDF output out of 10000 (max. 10000000)

